DEB [20181218-15:41:33.524] thr=1   paramiko.transport: starting thread (client mode): 0xd0378ad0L
DEB [20181218-15:41:33.524] thr=1   paramiko.transport: Local version/idstring: SSH-2.0-paramiko_1.16.0
DEB [20181218-15:41:33.543] thr=1   paramiko.transport: Remote version/idstring: SSH-2.0-OpenSSH_7.2p2 Ubuntu-4ubuntu2.2
INF [20181218-15:41:33.543] thr=1   paramiko.transport: Connected (version 2.0, client OpenSSH_7.2p2)
DEB [20181218-15:41:33.544] thr=1   paramiko.transport: kex algos:[u'curve25519-sha256@libssh.org', u'ecdh-sha2-nistp256', u'ecdh-sha2-nistp384', u'ecdh-sha2-nistp521', u'diffie-hellman-group-exchange-sha256', u'diffie-hellman-group14-sha1'] server key:[u'ssh-rsa', u'rsa-sha2-512', u'rsa-sha2-256', u'ecdsa-sha2-nistp256', u'ssh-ed25519'] client encrypt:[u'chacha20-poly1305@openssh.com', u'aes128-ctr', u'aes192-ctr', u'aes256-ctr', u'aes128-gcm@openssh.com', u'aes256-gcm@openssh.com'] server encrypt:[u'chacha20-poly1305@openssh.com', u'aes128-ctr', u'aes192-ctr', u'aes256-ctr', u'aes128-gcm@openssh.com', u'aes256-gcm@openssh.com'] client mac:[u'umac-64-etm@openssh.com', u'umac-128-etm@openssh.com', u'hmac-sha2-256-etm@openssh.com', u'hmac-sha2-512-etm@openssh.com', u'hmac-sha1-etm@openssh.com', u'umac-64@openssh.com', u'umac-128@openssh.com', u'hmac-sha2-256', u'hmac-sha2-512', u'hmac-sha1'] server mac:[u'umac-64-etm@openssh.com', u'umac-128-etm@openssh.com', u'hmac-sha2-256-etm@openssh.com', u'hmac-sha2-512-etm@openssh.com', u'hmac-sha1-etm@openssh.com', u'umac-64@openssh.com', u'umac-128@openssh.com', u'hmac-sha2-256', u'hmac-sha2-512', u'hmac-sha1'] client compress:[u'none', u'zlib@openssh.com'] server compress:[u'none', u'zlib@openssh.com'] client lang:[u''] server lang:[u''] kex follows?False
DEB [20181218-15:41:33.544] thr=1   paramiko.transport: Kex agreed: diffie-hellman-group-exchange-sha256
DEB [20181218-15:41:33.544] thr=1   paramiko.transport: Cipher agreed: aes128-ctr
DEB [20181218-15:41:33.544] thr=1   paramiko.transport: MAC agreed: hmac-sha2-256
DEB [20181218-15:41:33.545] thr=1   paramiko.transport: Compression agreed: none
DEB [20181218-15:41:33.563] thr=1   paramiko.transport: Got server p (2048 bits)
DEB [20181218-15:41:33.630] thr=1   paramiko.transport: kex engine KexGexSHA256 specified hash_algo <built-in function openssl_sha256>
DEB [20181218-15:41:33.630] thr=1   paramiko.transport: Switch to new keys ...
DEB [20181218-15:41:33.630] thr=2   paramiko.transport: Adding ssh-rsa host key for 192.168.1.2: 3767d28719c8d51d12e802786e67d034
DEB [20181218-15:41:33.667] thr=1   paramiko.transport: userauth is OK
INF [20181218-15:41:33.689] thr=1   paramiko.transport: Authentication (password) successful!
DEB [20181218-15:41:33.694] thr=2   paramiko.transport: [chan 0] Max packet in: 32768 bytes
DEB [20181218-15:41:33.704] thr=1   paramiko.transport: Received global request "hostkeys-00@openssh.com"
DEB [20181218-15:41:33.705] thr=1   paramiko.transport: Rejecting "hostkeys-00@openssh.com" global request from server.
DEB [20181218-15:41:33.746] thr=1   paramiko.transport: [chan 0] Max packet out: 32768 bytes
DEB [20181218-15:41:33.747] thr=1   paramiko.transport: Secsh channel 0 opened.
DEB [20181218-15:41:33.761] thr=1   paramiko.transport: [chan 0] Sesch channel 0 request ok
DEB [20181218-15:41:33.885] thr=1   paramiko.transport: [chan 0] EOF received (0)
DEB [20181218-15:41:33.886] thr=1   paramiko.transport: EOF in transport thread
DEB [20181218-15:41:33.888] thr=3   paramiko.transport: starting thread (client mode): 0xd0330090L
DEB [20181218-15:41:33.888] thr=3   paramiko.transport: Local version/idstring: SSH-2.0-paramiko_1.16.0
DEB [20181218-15:41:33.904] thr=3   paramiko.transport: Remote version/idstring: SSH-2.0-OpenSSH_7.2p2 Ubuntu-4ubuntu2.2
INF [20181218-15:41:33.904] thr=3   paramiko.transport: Connected (version 2.0, client OpenSSH_7.2p2)
DEB [20181218-15:41:33.905] thr=3   paramiko.transport: kex algos:[u'curve25519-sha256@libssh.org', u'ecdh-sha2-nistp256', u'ecdh-sha2-nistp384', u'ecdh-sha2-nistp521', u'diffie-hellman-group-exchange-sha256', u'diffie-hellman-group14-sha1'] server key:[u'ssh-rsa', u'rsa-sha2-512', u'rsa-sha2-256', u'ecdsa-sha2-nistp256', u'ssh-ed25519'] client encrypt:[u'chacha20-poly1305@openssh.com', u'aes128-ctr', u'aes192-ctr', u'aes256-ctr', u'aes128-gcm@openssh.com', u'aes256-gcm@openssh.com'] server encrypt:[u'chacha20-poly1305@openssh.com', u'aes128-ctr', u'aes192-ctr', u'aes256-ctr', u'aes128-gcm@openssh.com', u'aes256-gcm@openssh.com'] client mac:[u'umac-64-etm@openssh.com', u'umac-128-etm@openssh.com', u'hmac-sha2-256-etm@openssh.com', u'hmac-sha2-512-etm@openssh.com', u'hmac-sha1-etm@openssh.com', u'umac-64@openssh.com', u'umac-128@openssh.com', u'hmac-sha2-256', u'hmac-sha2-512', u'hmac-sha1'] server mac:[u'umac-64-etm@openssh.com', u'umac-128-etm@openssh.com', u'hmac-sha2-256-etm@openssh.com', u'hmac-sha2-512-etm@openssh.com', u'hmac-sha1-etm@openssh.com', u'umac-64@openssh.com', u'umac-128@openssh.com', u'hmac-sha2-256', u'hmac-sha2-512', u'hmac-sha1'] client compress:[u'none', u'zlib@openssh.com'] server compress:[u'none', u'zlib@openssh.com'] client lang:[u''] server lang:[u''] kex follows?False
DEB [20181218-15:41:33.905] thr=3   paramiko.transport: Kex agreed: diffie-hellman-group-exchange-sha256
DEB [20181218-15:41:33.906] thr=3   paramiko.transport: Cipher agreed: aes128-ctr
DEB [20181218-15:41:33.906] thr=3   paramiko.transport: MAC agreed: hmac-sha2-256
DEB [20181218-15:41:33.906] thr=3   paramiko.transport: Compression agreed: none
DEB [20181218-15:41:33.961] thr=3   paramiko.transport: Got server p (2048 bits)
DEB [20181218-15:41:34.064] thr=3   paramiko.transport: kex engine KexGexSHA256 specified hash_algo <built-in function openssl_sha256>
DEB [20181218-15:41:34.064] thr=3   paramiko.transport: Switch to new keys ...
DEB [20181218-15:41:34.096] thr=2   paramiko.transport: Adding ssh-rsa host key for 192.168.1.2: 3767d28719c8d51d12e802786e67d034
DEB [20181218-15:41:34.103] thr=3   paramiko.transport: userauth is OK
INF [20181218-15:41:34.125] thr=3   paramiko.transport: Authentication (password) successful!
DEB [20181218-15:41:34.129] thr=2   paramiko.transport: [chan 0] Max packet in: 32768 bytes
DEB [20181218-15:41:34.138] thr=3   paramiko.transport: Received global request "hostkeys-00@openssh.com"
DEB [20181218-15:41:34.138] thr=3   paramiko.transport: Rejecting "hostkeys-00@openssh.com" global request from server.
DEB [20181218-15:41:34.178] thr=3   paramiko.transport: [chan 0] Max packet out: 32768 bytes
DEB [20181218-15:41:34.179] thr=3   paramiko.transport: Secsh channel 0 opened.
DEB [20181218-15:41:34.195] thr=3   paramiko.transport: [chan 0] Sesch channel 0 request ok
DEB [20181218-15:41:34.313] thr=3   paramiko.transport: [chan 0] EOF received (0)
DEB [20181218-15:41:34.314] thr=3   paramiko.transport: [chan 0] EOF sent (0)
DEB [20181218-15:41:34.315] thr=3   paramiko.transport: Dropping user packet because connection is dead.
DEB [20181218-15:41:34.315] thr=3   paramiko.transport: Dropping user packet because connection is dead.
DEB [20181218-15:41:34.316] thr=4   paramiko.transport: starting thread (client mode): 0xd0378850L
DEB [20181218-15:41:34.317] thr=4   paramiko.transport: Local version/idstring: SSH-2.0-paramiko_1.16.0
DEB [20181218-15:41:34.333] thr=4   paramiko.transport: Remote version/idstring: SSH-2.0-OpenSSH_7.2p2 Ubuntu-4ubuntu2.2
INF [20181218-15:41:34.334] thr=4   paramiko.transport: Connected (version 2.0, client OpenSSH_7.2p2)
DEB [20181218-15:41:34.335] thr=4   paramiko.transport: kex algos:[u'curve25519-sha256@libssh.org', u'ecdh-sha2-nistp256', u'ecdh-sha2-nistp384', u'ecdh-sha2-nistp521', u'diffie-hellman-group-exchange-sha256', u'diffie-hellman-group14-sha1'] server key:[u'ssh-rsa', u'rsa-sha2-512', u'rsa-sha2-256', u'ecdsa-sha2-nistp256', u'ssh-ed25519'] client encrypt:[u'chacha20-poly1305@openssh.com', u'aes128-ctr', u'aes192-ctr', u'aes256-ctr', u'aes128-gcm@openssh.com', u'aes256-gcm@openssh.com'] server encrypt:[u'chacha20-poly1305@openssh.com', u'aes128-ctr', u'aes192-ctr', u'aes256-ctr', u'aes128-gcm@openssh.com', u'aes256-gcm@openssh.com'] client mac:[u'umac-64-etm@openssh.com', u'umac-128-etm@openssh.com', u'hmac-sha2-256-etm@openssh.com', u'hmac-sha2-512-etm@openssh.com', u'hmac-sha1-etm@openssh.com', u'umac-64@openssh.com', u'umac-128@openssh.com', u'hmac-sha2-256', u'hmac-sha2-512', u'hmac-sha1'] server mac:[u'umac-64-etm@openssh.com', u'umac-128-etm@openssh.com', u'hmac-sha2-256-etm@openssh.com', u'hmac-sha2-512-etm@openssh.com', u'hmac-sha1-etm@openssh.com', u'umac-64@openssh.com', u'umac-128@openssh.com', u'hmac-sha2-256', u'hmac-sha2-512', u'hmac-sha1'] client compress:[u'none', u'zlib@openssh.com'] server compress:[u'none', u'zlib@openssh.com'] client lang:[u''] server lang:[u''] kex follows?False
DEB [20181218-15:41:34.335] thr=4   paramiko.transport: Kex agreed: diffie-hellman-group-exchange-sha256
DEB [20181218-15:41:34.335] thr=4   paramiko.transport: Cipher agreed: aes128-ctr
DEB [20181218-15:41:34.336] thr=4   paramiko.transport: MAC agreed: hmac-sha2-256
DEB [20181218-15:41:34.336] thr=4   paramiko.transport: Compression agreed: none
DEB [20181218-15:41:34.389] thr=4   paramiko.transport: Got server p (2048 bits)
DEB [20181218-15:41:34.492] thr=4   paramiko.transport: kex engine KexGexSHA256 specified hash_algo <built-in function openssl_sha256>
DEB [20181218-15:41:34.493] thr=4   paramiko.transport: Switch to new keys ...
DEB [20181218-15:41:34.525] thr=2   paramiko.transport: Adding ssh-rsa host key for 192.168.1.2: 3767d28719c8d51d12e802786e67d034
DEB [20181218-15:41:34.531] thr=4   paramiko.transport: userauth is OK
INF [20181218-15:41:34.553] thr=4   paramiko.transport: Authentication (password) successful!
DEB [20181218-15:41:34.557] thr=2   paramiko.transport: [chan 0] Max packet in: 32768 bytes
DEB [20181218-15:41:34.567] thr=4   paramiko.transport: Received global request "hostkeys-00@openssh.com"
DEB [20181218-15:41:34.567] thr=4   paramiko.transport: Rejecting "hostkeys-00@openssh.com" global request from server.
DEB [20181218-15:41:34.610] thr=4   paramiko.transport: [chan 0] Max packet out: 32768 bytes
DEB [20181218-15:41:34.611] thr=4   paramiko.transport: Secsh channel 0 opened.
DEB [20181218-15:41:34.624] thr=4   paramiko.transport: [chan 0] Sesch channel 0 request ok
DEB [20181218-15:41:34.739] thr=4   paramiko.transport: [chan 0] EOF received (0)
DEB [20181218-15:41:34.740] thr=4   paramiko.transport: [chan 0] EOF sent (0)
DEB [20181218-15:41:34.740] thr=4   paramiko.transport: Dropping user packet because connection is dead.
DEB [20181218-15:41:34.741] thr=4   paramiko.transport: Dropping user packet because connection is dead.
DEB [20181218-15:41:34.742] thr=5   paramiko.transport: starting thread (client mode): 0xd0330110L
DEB [20181218-15:41:34.743] thr=5   paramiko.transport: Local version/idstring: SSH-2.0-paramiko_1.16.0
DEB [20181218-15:41:34.759] thr=5   paramiko.transport: Remote version/idstring: SSH-2.0-OpenSSH_7.2p2 Ubuntu-4ubuntu2.2
INF [20181218-15:41:34.759] thr=5   paramiko.transport: Connected (version 2.0, client OpenSSH_7.2p2)
DEB [20181218-15:41:34.760] thr=5   paramiko.transport: kex algos:[u'curve25519-sha256@libssh.org', u'ecdh-sha2-nistp256', u'ecdh-sha2-nistp384', u'ecdh-sha2-nistp521', u'diffie-hellman-group-exchange-sha256', u'diffie-hellman-group14-sha1'] server key:[u'ssh-rsa', u'rsa-sha2-512', u'rsa-sha2-256', u'ecdsa-sha2-nistp256', u'ssh-ed25519'] client encrypt:[u'chacha20-poly1305@openssh.com', u'aes128-ctr', u'aes192-ctr', u'aes256-ctr', u'aes128-gcm@openssh.com', u'aes256-gcm@openssh.com'] server encrypt:[u'chacha20-poly1305@openssh.com', u'aes128-ctr', u'aes192-ctr', u'aes256-ctr', u'aes128-gcm@openssh.com', u'aes256-gcm@openssh.com'] client mac:[u'umac-64-etm@openssh.com', u'umac-128-etm@openssh.com', u'hmac-sha2-256-etm@openssh.com', u'hmac-sha2-512-etm@openssh.com', u'hmac-sha1-etm@openssh.com', u'umac-64@openssh.com', u'umac-128@openssh.com', u'hmac-sha2-256', u'hmac-sha2-512', u'hmac-sha1'] server mac:[u'umac-64-etm@openssh.com', u'umac-128-etm@openssh.com', u'hmac-sha2-256-etm@openssh.com', u'hmac-sha2-512-etm@openssh.com', u'hmac-sha1-etm@openssh.com', u'umac-64@openssh.com', u'umac-128@openssh.com', u'hmac-sha2-256', u'hmac-sha2-512', u'hmac-sha1'] client compress:[u'none', u'zlib@openssh.com'] server compress:[u'none', u'zlib@openssh.com'] client lang:[u''] server lang:[u''] kex follows?False
DEB [20181218-15:41:34.760] thr=5   paramiko.transport: Kex agreed: diffie-hellman-group-exchange-sha256
DEB [20181218-15:41:34.760] thr=5   paramiko.transport: Cipher agreed: aes128-ctr
DEB [20181218-15:41:34.761] thr=5   paramiko.transport: MAC agreed: hmac-sha2-256
DEB [20181218-15:41:34.761] thr=5   paramiko.transport: Compression agreed: none
DEB [20181218-15:41:34.817] thr=5   paramiko.transport: Got server p (2048 bits)
DEB [20181218-15:41:34.919] thr=5   paramiko.transport: kex engine KexGexSHA256 specified hash_algo <built-in function openssl_sha256>
DEB [20181218-15:41:34.919] thr=5   paramiko.transport: Switch to new keys ...
DEB [20181218-15:41:34.951] thr=2   paramiko.transport: Adding ssh-rsa host key for 192.168.1.2: 3767d28719c8d51d12e802786e67d034
DEB [20181218-15:41:34.959] thr=5   paramiko.transport: userauth is OK
INF [20181218-15:41:34.980] thr=5   paramiko.transport: Authentication (password) successful!
DEB [20181218-15:41:34.983] thr=2   paramiko.transport: [chan 0] Max packet in: 32768 bytes
DEB [20181218-15:41:34.993] thr=5   paramiko.transport: Received global request "hostkeys-00@openssh.com"
DEB [20181218-15:41:34.994] thr=5   paramiko.transport: Rejecting "hostkeys-00@openssh.com" global request from server.
DEB [20181218-15:41:35.034] thr=5   paramiko.transport: [chan 0] Max packet out: 32768 bytes
DEB [20181218-15:41:35.035] thr=5   paramiko.transport: Secsh channel 0 opened.
DEB [20181218-15:41:35.050] thr=5   paramiko.transport: [chan 0] Sesch channel 0 request ok
DEB [20181218-15:41:35.167] thr=5   paramiko.transport: [chan 0] EOF received (0)
DEB [20181218-15:41:35.168] thr=5   paramiko.transport: EOF in transport thread
